<?xml version="1.0" encoding="UTF-8"?>
<!-- Generated by org.testng.reporters.JUnitXMLReporter -->
<testsuite ignored="3" hostname="LAPTOP-M2A8A7B6" failures="0" tests="27" name="Test" time="0.319" errors="0" timestamp="2022-07-07T15:51:28 IST">
  <testcase classname="testngprac.TestNgPriority" name="Test6" time="0.016"/>
  <testcase classname="testngprac.TestNGPracAnnotation" name="DataProvider" time="0.025"/>
  <testcase classname="testngprac.TestNgGroup" name="GroupRegression" time="0.037"/>
  <testcase classname="testngprac.TestNGPracAnnotation" name="AnnotationPrac" time="0.043"/>
  <testcase classname="testngprac.TestNgGroup" name="GroupSmome" time="0.002"/>
  <testcase classname="testngprac.TestNGPracAnnotation" name="DataProvider" time="0.02"/>
  <testcase classname="testngprac.TestNgPriority" name="Test3" time="0.02"/>
  <testcase classname="testngprac.TestNgGroup" name="GroupalwaysRunTrue" time="0.003"/>
  <testcase classname="testngprac.TestNgGroup" name="GroupalwaysRunfalse" time="0.007"/>
  <testcase classname="testngprac.TestNgGroup" name="GroupSanity" time="0.004"/>
  <testcase classname="testngprac.TestNgGroup" name="OptionalTest" time="0.006"/>
  <testcase classname="testngprac.TestNgGroup" name="Group9" time="0.009"/>
  <testcase classname="testngprac.TestNgPriority" name="Test4" time="0.004"/>
  <testcase classname="testngprac.TestNgGroup" name="GroupdependsOnGroupsSanity" time="0.005"/>
  <testcase classname="testngprac.TestNgGroup" name="dependsOnMethodsGroup7" time="0.015"/>
  <testcase classname="testngprac.TestNgGroup" name="GroupARandDM" time="0.029"/>
  <testcase classname="testngprac.TestNgGroup" name="parameter" time="0.003"/>
  <testcase classname="testngprac.TestNgGroup" name="Group11" time="0.014"/>
  <testcase classname="testngprac.TestNgPriority" name="Test1" time="0.002"/>
  <testcase classname="testngprac.TestNgPriority" name="Test5" time="0.004"/>
  <testcase classname="testngprac.TestNgGroup" name="expectedExceptions" time="0.018"/>
  <testcase classname="testngprac.TestNgGroup" name="timeoutsSes" time="0.03"/>
  <testcase classname="testngprac.TestNgPriority" name="Test2" time="0.002"/>
  <testcase classname="testngprac.TestNgGroup" name="ThreadpoolSize" time="0.008"/>
  <testcase classname="testngprac.TestNgGroup" name="ThreadpoolSize" time="0.018"/>
  <testcase classname="testngprac.TestNgGroup" name="ThreadpoolSize" time="0.004"/>
  <testcase classname="testngprac.TestNgGroup" name="ThreadpoolSize" time="0.022"/>
  <testcase classname="testngprac.TestNgGroup" name="GroupE2E" time="0.0">
    <ignored/>
  </testcase> <!-- GroupE2E -->
  <testcase classname="testngprac.TestNgGroup" name="Ignore" time="0.0">
    <ignored/>
  </testcase> <!-- Ignore -->
  <testcase classname="testngprac.TestNgGroup" name="OptionalTest2" time="0.0">
    <ignored/>
  </testcase> <!-- OptionalTest2 -->
</testsuite> <!-- Test -->
