<?xml version="1.0" encoding="UTF-8"?>
<!-- Generated by org.testng.reporters.JUnitXMLReporter -->
<testsuite ignored="16" hostname="LAPTOP-M2A8A7B6" failures="0" tests="0" time="0.015" errors="0" timestamp="2022-07-07T13:31:40 IST">
  <testcase classname="testngprac.TestNgGroup" name="dependsOnMethodsGroup7" time="0.0">
    <ignored/>
  </testcase> <!-- dependsOnMethodsGroup7 -->
  <testcase classname="testngprac.TestNgGroup" name="Group9" time="0.0">
    <ignored/>
  </testcase> <!-- Group9 -->
  <testcase classname="testngprac.TestNgGroup" name="GroupalwaysRunfalse" time="0.0">
    <ignored/>
  </testcase> <!-- GroupalwaysRunfalse -->
  <testcase classname="testngprac.TestNgGroup" name="ThreadpoolSize" time="0.0">
    <ignored/>
  </testcase> <!-- ThreadpoolSize -->
  <testcase classname="testngprac.TestNgGroup" name="timeoutsSes" time="0.0">
    <ignored/>
  </testcase> <!-- timeoutsSes -->
  <testcase classname="testngprac.TestNgGroup" name="Ignore" time="0.0">
    <ignored/>
  </testcase> <!-- Ignore -->
  <testcase classname="testngprac.TestNgGroup" name="parameter" time="0.0">
    <ignored/>
  </testcase> <!-- parameter -->
  <testcase classname="testngprac.TestNgGroup" name="GroupE2E" time="0.0">
    <ignored/>
  </testcase> <!-- GroupE2E -->
  <testcase classname="testngprac.TestNgGroup" name="GroupSanity" time="0.0">
    <ignored/>
  </testcase> <!-- GroupSanity -->
  <testcase classname="testngprac.TestNgGroup" name="GroupSmome" time="0.0">
    <ignored/>
  </testcase> <!-- GroupSmome -->
  <testcase classname="testngprac.TestNgGroup" name="GroupalwaysRunTrue" time="0.0">
    <ignored/>
  </testcase> <!-- GroupalwaysRunTrue -->
  <testcase classname="testngprac.TestNgGroup" name="Group11" time="0.0">
    <ignored/>
  </testcase> <!-- Group11 -->
  <testcase classname="testngprac.TestNgGroup" name="GroupRegression" time="0.0">
    <ignored/>
  </testcase> <!-- GroupRegression -->
  <testcase classname="testngprac.TestNgGroup" name="GroupARandDM" time="0.0">
    <ignored/>
  </testcase> <!-- GroupARandDM -->
  <testcase classname="testngprac.TestNgGroup" name="GroupdependsOnGroupsSanity" time="0.0">
    <ignored/>
  </testcase> <!-- GroupdependsOnGroupsSanity -->
  <testcase classname="testngprac.TestNgGroup" name="expectedExceptions" time="0.0">
    <ignored/>
  </testcase> <!-- expectedExceptions -->
</testsuite>
